# Final architecture checks

## !important in assets/css
0

## Forbidden all-screen CSS filenames
0

## Selector reuse comparison
baseline {"cssFiles":120,"selectors":1898,"duplicateAnyContext":628,"crossFileBaseReuse":297}
final {"cssFiles":121,"selectors":1884,"duplicateAnyContext":611,"crossFileBaseReuse":280}
note: exact selector reuse is permitted only where files own different properties/states/contexts; static owner guards passed.

## Remaining 999px uses (semantic circles/tracks only)
assets/css/guides-modals/guide/05-mockup-mobile.css:34:    border-radius: 999px;
assets/css/tokens/01-color-scheme.css:171:  border-radius: 999px;
assets/css/guides-modals/import-guide/01-import-shell.css:190:    border-radius: 999px;
assets/css/settlement/car-inputs/06-times-rental.css:40:  border-radius: 999px;

## Audit JSON summary
360 screenshots= 4 console= 0 requestFailures= 0 overflow= 0
390 screenshots= 34 console= 0 requestFailures= 0 overflow= 0
430 screenshots= 4 console= 0 requestFailures= 0 overflow= 0
768 screenshots= 4 console= 0 requestFailures= 0 overflow= 0
1280 screenshots= 34 console= 0 requestFailures= 0 overflow= 0
1440 screenshots= 4 console= 0 requestFailures= 0 overflow= 0
interactions screenshots= 28 console= 0 requestFailures= 0 overflow= 0
